--------------------------------------------------------------------------------
Release 14.7 Trace  (nt64)
Copyright (c) 1995-2013 Xilinx, Inc.  All rights reserved.

F:\14.7\ISE_DS\ISE\bin\nt64\unwrapped\trce.exe -intstyle ise -v 3 -s 3 -n 3
-fastpaths -xml Main_Module.twx Main_Module.ncd -o Main_Module.twr
Main_Module.pcf

Design file:              Main_Module.ncd
Physical constraint file: Main_Module.pcf
Device,package,speed:     xc7a100t,csg324,C,-3 (PRODUCTION 1.10 2013-10-13)
Report level:             verbose report

Environment Variable      Effect 
--------------------      ------ 
NONE                      No environment variables were set
--------------------------------------------------------------------------------

INFO:Timing:2698 - No timing constraints found, doing default enumeration.
INFO:Timing:3412 - To improve timing, see the Timing Closure User Guide (UG612).
INFO:Timing:2752 - To get complete path coverage, use the unconstrained paths 
   option. All paths that are not constrained will be reported in the 
   unconstrained paths section(s) of the report.
INFO:Timing:3339 - The clock-to-out numbers in this timing report are based on 
   a 50 Ohm transmission line loading model.  For the details of this model, 
   and for more information on accounting for different loading conditions, 
   please see the device datasheet.



Data Sheet report:
-----------------
All values displayed in nanoseconds (ns)

Pad to Pad
---------------+---------------+---------+
Source Pad     |Destination Pad|  Delay  |
---------------+---------------+---------+
A0             |Y0             |    5.475|
A1             |Y1             |    5.207|
A2             |Y2             |    5.542|
A3             |Y3             |    5.377|
B0             |Y0             |    5.172|
B1             |Y1             |    5.414|
B2             |Y2             |    5.450|
B3             |Y3             |    5.032|
E              |Y0             |    5.335|
E              |Y1             |    5.137|
E              |Y2             |    5.354|
E              |Y3             |    5.300|
S              |Y0             |    5.567|
S              |Y1             |    5.452|
S              |Y2             |    5.417|
S              |Y3             |    5.444|
---------------+---------------+---------+


Analysis completed Thu Feb 13 00:01:59 2025 
--------------------------------------------------------------------------------

Trace Settings:
-------------------------
Trace Settings 

Peak Memory Usage: 4998 MB



